<?xml version="1.0" encoding="UTF-8"?>
<testsuite xmlns:xsi="http://www.w3.org/2001/XMLSchema-instance" xsi:noNamespaceSchemaLocation="https://maven.apache.org/surefire/maven-surefire-plugin/xsd/surefire-test-report.xsd" name="SperasoftTestTask.CalcTest" time="0.077" tests="2" errors="0" skipped="0" failures="0">
  <properties>
[...]
</properties>
  <testcase name="testSum" classname="SperasoftTestTask.CalcTest" time="0.008"/>
  <testcase name="testSum2" classname="SperasoftTestTask.CalcTest" time="0"/>
</testsuite>