<?xml version="1.0" encoding="UTF-8"?>
<testng-results total="2" passed="2" failed="0" skipped="0">
  <reporter-output>
  </reporter-output>
  <suite started-at="2018-04-25T18:17:11Z" name="Surefire suite" finished-at="2018-04-25T18:17:11Z" duration-ms="13">
    <groups>
    </groups>
    <test started-at="2018-04-25T18:17:11Z" name="Surefire test" finished-at="2018-04-25T18:17:11Z" duration-ms="13">
      <class name="SperaSoftTestTask.CalcTest">
        <test-method is-config="true" signature="startTest()[pri:0, instance:SperaSoftTestTask.CalcTest@3c46e67a]" started-at="2018-04-25T21:17:11Z" name="startTest" finished-at="2018-04-25T21:17:11Z" duration-ms="34" status="PASS">
          <reporter-output>
          </reporter-output>
        </test-method> <!-- startTest -->
        <test-method signature="testSum()[pri:0, instance:SperaSoftTestTask.CalcTest@3c46e67a]" started-at="2018-04-25T21:17:11Z" name="testSum" finished-at="2018-04-25T21:17:11Z" duration-ms="1" status="PASS">
          <reporter-output>
          </reporter-output>
        </test-method> <!-- testSum -->
        <test-method signature="testSum2()[pri:0, instance:SperaSoftTestTask.CalcTest@3c46e67a]" started-at="2018-04-25T21:17:11Z" name="testSum2" finished-at="2018-04-25T21:17:11Z" duration-ms="0" status="PASS">
          <reporter-output>
          </reporter-output>
        </test-method> <!-- testSum2 -->
      </class> <!-- SperaSoftTestTask.CalcTest -->
    </test> <!-- Surefire test -->
  </suite> <!-- Surefire suite -->
</testng-results>
